Base path: C:/Program Files/Unity/Editor/Data
Cmd: initializeCompiler
Cmd: preprocess
  insize=2702 outsize=3238 ok=1
Cmd: preprocess
  insize=2099 outsize=1578 ok=1
Cmd: preprocess
  insize=4298 outsize=547 ok=1
Cmd: preprocess
  insize=2639 outsize=1286 ok=1
Cmd: preprocess
  insize=1877 outsize=948 ok=1
Cmd: preprocess
  insize=2445 outsize=681 ok=1
Cmd: preprocess
  insize=2500 outsize=726 ok=1
Cmd: preprocess
  insize=2753 outsize=788 ok=1
Cmd: preprocess
  insize=12295 outsize=5944 ok=1
Cmd: preprocess
  insize=8901 outsize=4707 ok=1
Cmd: preprocess
  insize=771 outsize=226 ok=1
Cmd: preprocess
  insize=2140 outsize=1619 ok=1
Cmd: preprocess
  insize=2462 outsize=1143 ok=1
Cmd: preprocess
  insize=2754 outsize=2893 ok=1
Cmd: preprocess
  insize=2465 outsize=3005 ok=1
Cmd: preprocess
  insize=4266 outsize=566 ok=1
Cmd: preprocess
  insize=2320 outsize=1026 ok=1
Cmd: preprocess
  insize=1433 outsize=472 ok=1
Cmd: preprocess
  insize=2349 outsize=333 ok=1
Cmd: preprocess
  insize=1285 outsize=499 ok=1
Cmd: preprocess
  insize=2517 outsize=2660 ok=1
Cmd: preprocess
  insize=2510 outsize=1922 ok=1
Cmd: preprocess
  insize=2470 outsize=1882 ok=1
Cmd: preprocess
  insize=6640 outsize=3858 ok=1
Cmd: preprocess
  insize=2357 outsize=1088 ok=1
Cmd: preprocess
  insize=2706 outsize=1340 ok=1
Cmd: preprocess
  insize=4417 outsize=695 ok=1
Cmd: preprocess
  insize=1312 outsize=526 ok=1
Cmd: preprocess
  insize=1558 outsize=565 ok=1
Cmd: preprocess
  insize=930 outsize=258 ok=1
Cmd: preprocess
  insize=5387 outsize=3870 ok=1
Cmd: preprocess
  insize=5582 outsize=806 ok=1
Cmd: compileSnippet
  api=4 type=0 insize=1097 outsize=1874 kw=DIRECTIONAL _EMISSION _SPECULARHIGHLIGHTS_OFF _GLOSSYREFLECTIONS_OFF pd=UNITY_ENABLE_REFLECTION_BUFFERS UNITY_USE_DITHER_MASK_FOR_ALPHABLENDED_SHADOWS UNITY_PBS_USE_BRDF1 UNITY_SPECCUBE_BOX_PROJECTION UNITY_SPECCUBE_BLENDING UNITY_ENABLE_DETAIL_NORMALMAP SHADER_API_DESKTOP UNITY_COLORSPACE_GAMMA ok=1
Cmd: compileSnippet
  api=4 type=1 insize=1097 outsize=4170 kw=DIRECTIONAL _EMISSION _SPECULARHIGHLIGHTS_OFF _GLOSSYREFLECTIONS_OFF pd=UNITY_ENABLE_REFLECTION_BUFFERS UNITY_USE_DITHER_MASK_FOR_ALPHABLENDED_SHADOWS UNITY_PBS_USE_BRDF1 UNITY_SPECCUBE_BOX_PROJECTION UNITY_SPECCUBE_BLENDING UNITY_ENABLE_DETAIL_NORMALMAP SHADER_API_DESKTOP UNITY_COLORSPACE_GAMMA ok=1
Cmd: compileSnippet
  api=4 type=0 insize=14955 outsize=2514 kw=DIRECTIONAL pd=UNITY_ENABLE_REFLECTION_BUFFERS UNITY_USE_DITHER_MASK_FOR_ALPHABLENDED_SHADOWS UNITY_PBS_USE_BRDF1 UNITY_SPECCUBE_BOX_PROJECTION UNITY_SPECCUBE_BLENDING UNITY_ENABLE_DETAIL_NORMALMAP SHADER_API_DESKTOP UNITY_COLORSPACE_GAMMA ok=1
Cmd: compileSnippet
  api=4 type=1 insize=14955 outsize=1786 kw=DIRECTIONAL pd=UNITY_ENABLE_REFLECTION_BUFFERS UNITY_USE_DITHER_MASK_FOR_ALPHABLENDED_SHADOWS UNITY_PBS_USE_BRDF1 UNITY_SPECCUBE_BOX_PROJECTION UNITY_SPECCUBE_BLENDING UNITY_ENABLE_DETAIL_NORMALMAP SHADER_API_DESKTOP UNITY_COLORSPACE_GAMMA ok=1
